빌드 시작: 2013-01-17 오후 3:47:37
     1>2 노드의 "D:\SJM\Project\Samsung\실험\AL Measure_Gen_ConfigFile\AL_Gen_ConfigFile\AL_Gen_ConfigFile\AL_Gen_ConfigFile.vcxproj" 프로젝트(build 대상)입니다.
     1>InitializeBuildStatus:
         "Debug\AL_Gen_ConfigFile.unsuccessfulbuild"에 연결(touching)하고 있습니다.
       ClCompile:
         g:\Program Files\Microsoft Visual Studio 10.0\VC\bin\CL.exe /c /ZI /nologo /W3 /WX- /Od /Oy- /D WIN32 /D _DEBUG /D _CONSOLE /D _UNICODE /D UNICODE /Gm /EHsc /RTC1 /MDd /GS /fp:precise /Zc:wchar_t /Zc:forScope /Fo"Debug\\" /Fd"Debug\vc100.pdb" /Gd /TP /analyze- /errorReport:prompt main.cpp
         main.cpp
     1>d:\sjm\project\samsung\실험\al measure_gen_configfile\al_gen_configfile\al_gen_configfile\main.cpp(17): warning C4996: 'scanf': This function or variable may be unsafe. Consider using scanf_s instead. To disable deprecation, use _CRT_SECURE_NO_WARNINGS. See online help for details.
                 g:\program files\microsoft visual studio 10.0\vc\include\stdio.h(304) : 'scanf' 선언을 참조하십시오.
     1>d:\sjm\project\samsung\실험\al measure_gen_configfile\al_gen_configfile\al_gen_configfile\main.cpp(22): warning C4996: 'fopen': This function or variable may be unsafe. Consider using fopen_s instead. To disable deprecation, use _CRT_SECURE_NO_WARNINGS. See online help for details.
                 g:\program files\microsoft visual studio 10.0\vc\include\stdio.h(234) : 'fopen' 선언을 참조하십시오.
     1>d:\sjm\project\samsung\실험\al measure_gen_configfile\al_gen_configfile\al_gen_configfile\main.cpp(39): warning C4244: '인수' : 'time_t'에서 'unsigned int'(으)로 변환하면서 데이터가 손실될 수 있습니다.
     1>d:\sjm\project\samsung\실험\al measure_gen_configfile\al_gen_configfile\al_gen_configfile\main.cpp(58): warning C4996: 'fopen': This function or variable may be unsafe. Consider using fopen_s instead. To disable deprecation, use _CRT_SECURE_NO_WARNINGS. See online help for details.
                 g:\program files\microsoft visual studio 10.0\vc\include\stdio.h(234) : 'fopen' 선언을 참조하십시오.
     1>d:\sjm\project\samsung\실험\al measure_gen_configfile\al_gen_configfile\al_gen_configfile\main.cpp(73): warning C4244: '인수' : 'time_t'에서 'unsigned int'(으)로 변환하면서 데이터가 손실될 수 있습니다.
     1>d:\sjm\project\samsung\실험\al measure_gen_configfile\al_gen_configfile\al_gen_configfile\main.cpp(92): warning C4996: 'fopen': This function or variable may be unsafe. Consider using fopen_s instead. To disable deprecation, use _CRT_SECURE_NO_WARNINGS. See online help for details.
                 g:\program files\microsoft visual studio 10.0\vc\include\stdio.h(234) : 'fopen' 선언을 참조하십시오.
     1>d:\sjm\project\samsung\실험\al measure_gen_configfile\al_gen_configfile\al_gen_configfile\main.cpp(107): warning C4244: '인수' : 'time_t'에서 'unsigned int'(으)로 변환하면서 데이터가 손실될 수 있습니다.
       ManifestResourceCompile:
         C:\Program Files\Microsoft SDKs\Windows\v7.0A\bin\rc.exe /nologo /fo"Debug\AL_Gen_ConfigFile.exe.embed.manifest.res" Debug\AL_Gen_ConfigFile_manifest.rc 
       Link:
         g:\Program Files\Microsoft Visual Studio 10.0\VC\bin\link.exe /ERRORREPORT:PROMPT /OUT:"D:\SJM\Project\Samsung\실험\AL Measure_Gen_ConfigFile\AL_Gen_ConfigFile\Debug\AL_Gen_ConfigFile.exe" /INCREMENTAL /NOLOGO kernel32.lib user32.lib gdi32.lib winspool.lib comdlg32.lib advapi32.lib shell32.lib ole32.lib oleaut32.lib uuid.lib odbc32.lib odbccp32.lib /MANIFEST /ManifestFile:"Debug\AL_Gen_ConfigFile.exe.intermediate.manifest" /MANIFESTUAC:"level='asInvoker' uiAccess='false'" /DEBUG /PDB:"D:\SJM\Project\Samsung\실험\AL Measure_Gen_ConfigFile\AL_Gen_ConfigFile\Debug\AL_Gen_ConfigFile.pdb" /SUBSYSTEM:CONSOLE /TLBID:1 /DYNAMICBASE /NXCOMPAT /IMPLIB:"D:\SJM\Project\Samsung\실험\AL Measure_Gen_ConfigFile\AL_Gen_ConfigFile\Debug\AL_Gen_ConfigFile.lib" /MACHINE:X86 Debug\AL_Gen_ConfigFile.exe.embed.manifest.res
         Debug\main.obj
       Manifest:
         C:\Program Files\Microsoft SDKs\Windows\v7.0A\bin\mt.exe /nologo /verbose /out:"Debug\AL_Gen_ConfigFile.exe.embed.manifest" /manifest Debug\AL_Gen_ConfigFile.exe.intermediate.manifest
         모든 출력이 최신 상태입니다.
       LinkEmbedManifest:
         모든 출력이 최신 상태입니다.
         AL_Gen_ConfigFile.vcxproj -> D:\SJM\Project\Samsung\실험\AL Measure_Gen_ConfigFile\AL_Gen_ConfigFile\Debug\AL_Gen_ConfigFile.exe
       FinalizeBuildStatus:
         "Debug\AL_Gen_ConfigFile.unsuccessfulbuild" 파일을 삭제하고 있습니다.
         "Debug\AL_Gen_ConfigFile.lastbuildstate"에 연결(touching)하고 있습니다.
     1>"D:\SJM\Project\Samsung\실험\AL Measure_Gen_ConfigFile\AL_Gen_ConfigFile\AL_Gen_ConfigFile\AL_Gen_ConfigFile.vcxproj" 프로젝트를 빌드했습니다(build 대상).

빌드했습니다.

경과 시간: 00:01:02.07
