d:\works\research\4d_effects_rendering\3_audio_events\2. compensator\al_measurement\al 측정 실험\previous\codes\al_measure_program\release\shaker main experiment.pch
d:\works\research\4d_effects_rendering\3_audio_events\2. compensator\al_measurement\al 측정 실험\previous\codes\al_measure_program\release\vc140.pdb
d:\works\research\4d_effects_rendering\3_audio_events\2. compensator\al_measurement\al 측정 실험\previous\codes\al_measure_program\release\stdafx.obj
d:\works\research\4d_effects_rendering\3_audio_events\2. compensator\al_measurement\al 측정 실험\previous\codes\al_measure_program\release\xmltok.obj
d:\works\research\4d_effects_rendering\3_audio_events\2. compensator\al_measurement\al 측정 실험\previous\codes\al_measure_program\release\xmlrole.obj
d:\works\research\4d_effects_rendering\3_audio_events\2. compensator\al_measurement\al 측정 실험\previous\codes\al_measure_program\release\xmlparse.obj
d:\works\research\4d_effects_rendering\3_audio_events\2. compensator\al_measurement\al 측정 실험\previous\codes\al_measure_program\release\stack.obj
d:\works\research\4d_effects_rendering\3_audio_events\2. compensator\al_measurement\al 측정 실험\previous\codes\al_measure_program\release\node.obj
d:\works\research\4d_effects_rendering\3_audio_events\2. compensator\al_measurement\al 측정 실험\previous\codes\al_measure_program\release\ftrt.obj
d:\works\research\4d_effects_rendering\3_audio_events\2. compensator\al_measurement\al 측정 실험\previous\codes\al_measure_program\release\ftconfig.obj
d:\works\research\4d_effects_rendering\3_audio_events\2. compensator\al_measurement\al 측정 실험\previous\codes\al_measure_program\release\expatls.obj
d:\works\research\4d_effects_rendering\3_audio_events\2. compensator\al_measurement\al 측정 실험\previous\codes\al_measure_program\release\dom.obj
d:\works\research\4d_effects_rendering\3_audio_events\2. compensator\al_measurement\al 측정 실험\previous\codes\al_measure_program\release\shaker main experimentview.obj
d:\works\research\4d_effects_rendering\3_audio_events\2. compensator\al_measurement\al 측정 실험\previous\codes\al_measure_program\release\shaker main experimentdoc.obj
d:\works\research\4d_effects_rendering\3_audio_events\2. compensator\al_measurement\al 측정 실험\previous\codes\al_measure_program\release\shaker main experiment.obj
d:\works\research\4d_effects_rendering\3_audio_events\2. compensator\al_measurement\al 측정 실험\previous\codes\al_measure_program\release\mdialogstartexperiment.obj
d:\works\research\4d_effects_rendering\3_audio_events\2. compensator\al_measurement\al 측정 실험\previous\codes\al_measure_program\release\mainfrm.obj
d:\works\research\4d_effects_rendering\3_audio_events\2. compensator\al_measurement\al 측정 실험\previous\codes\al_measure_program\release\shaker main experiment.exe
d:\works\research\4d_effects_rendering\3_audio_events\2. compensator\al_measurement\al 측정 실험\previous\codes\al_measure_program\release\shaker main experiment.pdb
d:\works\research\4d_effects_rendering\3_audio_events\2. compensator\al_measurement\al 측정 실험\previous\codes\al_measure_program\release\shaker main experiment.res
d:\works\research\4d_effects_rendering\3_audio_events\2. compensator\al_measurement\al 측정 실험\previous\codes\al_measure_program\.\release\shaker main experiment.exe
d:\works\research\4d_effects_rendering\3_audio_events\2. compensator\al_measurement\al 측정 실험\previous\codes\al_measure_program\release\shaker m.14e3fb12.tlog\cl.command.1.tlog
d:\works\research\4d_effects_rendering\3_audio_events\2. compensator\al_measurement\al 측정 실험\previous\codes\al_measure_program\release\shaker m.14e3fb12.tlog\cl.read.1.tlog
d:\works\research\4d_effects_rendering\3_audio_events\2. compensator\al_measurement\al 측정 실험\previous\codes\al_measure_program\release\shaker m.14e3fb12.tlog\cl.write.1.tlog
d:\works\research\4d_effects_rendering\3_audio_events\2. compensator\al_measurement\al 측정 실험\previous\codes\al_measure_program\release\shaker m.14e3fb12.tlog\link.command.1.tlog
d:\works\research\4d_effects_rendering\3_audio_events\2. compensator\al_measurement\al 측정 실험\previous\codes\al_measure_program\release\shaker m.14e3fb12.tlog\link.read.1.tlog
d:\works\research\4d_effects_rendering\3_audio_events\2. compensator\al_measurement\al 측정 실험\previous\codes\al_measure_program\release\shaker m.14e3fb12.tlog\link.write.1.tlog
d:\works\research\4d_effects_rendering\3_audio_events\2. compensator\al_measurement\al 측정 실험\previous\codes\al_measure_program\release\shaker m.14e3fb12.tlog\rc.command.1.tlog
d:\works\research\4d_effects_rendering\3_audio_events\2. compensator\al_measurement\al 측정 실험\previous\codes\al_measure_program\release\shaker m.14e3fb12.tlog\rc.read.1.tlog
d:\works\research\4d_effects_rendering\3_audio_events\2. compensator\al_measurement\al 측정 실험\previous\codes\al_measure_program\release\shaker m.14e3fb12.tlog\rc.write.1.tlog
